<?xml version="1.0" encoding="UTF-8"?>
<!-- Generated by org.testng.reporters.JUnitXMLReporter -->
<testsuite hostname="Imran" name="paramatertest" tests="5" failures="2" timestamp="20 Nov 2016 11:20:41 GMT" time="0.096" errors="0">
  <testcase name="TestData" time="0.018" classname="com.leads.test.suite.DataProviderTest"/>
  <testcase name="TestData" time="0.007" classname="com.leads.test.suite.DataProviderTest"/>
  <testcase name="TestData" time="0.004" classname="com.leads.test.suite.DataProviderTest">
    <failure type="java.lang.AssertionError" message="expected [30] but found [50]">
      <![CDATA[java.lang.AssertionError: expected [30] but found [50]
	at com.leads.test.suite.DataProviderTest.TestData(DataProviderTest.java:12)
... Removed 29 stack frames]]>
    </failure>
  </testcase> <!-- TestData -->
  <testcase name="TestData" time="0.002" classname="com.leads.test.suite.DataProviderTest">
    <failure type="java.lang.AssertionError" message="expected [30] but found [20]">
      <![CDATA[java.lang.AssertionError: expected [30] but found [20]
	at com.leads.test.suite.DataProviderTest.TestData(DataProviderTest.java:12)
... Removed 29 stack frames]]>
    </failure>
  </testcase> <!-- TestData -->
  <testcase name="TestData" time="0.002" classname="com.leads.test.suite.DataProviderTest"/>
</testsuite> <!-- paramatertest -->
